C:\USERS\N1220048.STCN\DOCUMENTS\VISUAL STUDIO 2010\PROJECTS\仮名\RELEASE\DRAWPIXEL.OBJ
C:\USERS\N1220048.STCN\DOCUMENTS\VISUAL STUDIO 2010\PROJECTS\仮名\RELEASE\VC100.PDB
C:\USERS\N1220048.STCN\DOCUMENTS\VISUAL STUDIO 2010\PROJECTS\仮名\RELEASE\仮名.EXE
C:\USERS\N1220048.STCN\DOCUMENTS\VISUAL STUDIO 2010\PROJECTS\仮名\RELEASE\仮名.EXE.INTERMEDIATE.MANIFEST
C:\USERS\N1220048.STCN\DOCUMENTS\VISUAL STUDIO 2010\PROJECTS\仮名\RELEASE\仮名.PDB
C:\USERS\N1220048.STCN\DOCUMENTS\VISUAL STUDIO 2010\PROJECTS\仮名\RELEASE\仮名.RES
C:\Users\n1220048.STCN\Documents\Visual Studio 2010\Projects\型紙\Release\cl.command.1.tlog
C:\Users\n1220048.STCN\Documents\Visual Studio 2010\Projects\型紙\Release\CL.read.1.tlog
C:\Users\n1220048.STCN\Documents\Visual Studio 2010\Projects\型紙\Release\CL.write.1.tlog
C:\USERS\N1220048.STCN\DOCUMENTS\VISUAL STUDIO 2010\PROJECTS\型紙\RELEASE\DRAWPIXEL.OBJ
C:\Users\n1220048.STCN\Documents\Visual Studio 2010\Projects\型紙\Release\link.command.1.tlog
C:\Users\n1220048.STCN\Documents\Visual Studio 2010\Projects\型紙\Release\link.read.1.tlog
C:\Users\n1220048.STCN\Documents\Visual Studio 2010\Projects\型紙\Release\link.write.1.tlog
C:\Users\n1220048.STCN\Documents\Visual Studio 2010\Projects\型紙\Release\link-cvtres.read.1.tlog
C:\Users\n1220048.STCN\Documents\Visual Studio 2010\Projects\型紙\Release\link-cvtres.write.1.tlog
C:\Users\n1220048.STCN\Documents\Visual Studio 2010\Projects\型紙\Release\mt.command.1.tlog
C:\Users\n1220048.STCN\Documents\Visual Studio 2010\Projects\型紙\Release\mt.read.1.tlog
C:\Users\n1220048.STCN\Documents\Visual Studio 2010\Projects\型紙\Release\mt.write.1.tlog
C:\Users\n1220048.STCN\Documents\Visual Studio 2010\Projects\型紙\Release\rc.command.1.tlog
C:\Users\n1220048.STCN\Documents\Visual Studio 2010\Projects\型紙\Release\rc.read.1.tlog
C:\Users\n1220048.STCN\Documents\Visual Studio 2010\Projects\型紙\Release\rc.write.1.tlog
C:\USERS\N1220048.STCN\DOCUMENTS\VISUAL STUDIO 2010\PROJECTS\型紙\RELEASE\VC100.PDB
C:\USERS\N1220048.STCN\DOCUMENTS\VISUAL STUDIO 2010\PROJECTS\型紙\RELEASE\仮名.EXE
C:\Users\n1220048.STCN\Documents\Visual Studio 2010\Projects\型紙\Release\仮名.exe.intermediate.manifest
C:\Users\n1220048.STCN\Documents\Visual Studio 2010\Projects\型紙\Release\仮名.pdb
C:\Users\n1220048.STCN\Documents\Visual Studio 2010\Projects\型紙\Release\仮名.res
